
Promedios de lluvia por año (litros por metro cuadrado):
Año 2006: 13.69 litros/m²
Año 2007: 10.49 litros/m²
Año 2008: 10.26 litros/m²
Año 2009: 10.46 litros/m²
Año 2010: 8.23 litros/m²
Año 2011: 9.86 litros/m²
Año 2012: 9.98 litros/m²
Año 2013: 11.91 litros/m²
Año 2014: 11.50 litros/m²
Año 2015: 10.23 litros/m²
Año 2016: 12.47 litros/m²
Año 2017: 10.08 litros/m²
Año 2018: 11.46 litros/m²
Año 2019: 11.85 litros/m²
Año 2020: 11.27 litros/m²
Año 2021: 10.03 litros/m²
Año 2022: 14.32 litros/m²
Año 2023: 8.07 litros/m²
Año 2024: 9.49 litros/m²
Año 2025: 9.58 litros/m²
Año 2026: 11.00 litros/m²
Año 2027: 14.06 litros/m²
Año 2028: 8.98 litros/m²
Año 2029: 9.54 litros/m²
Año 2030: 12.56 litros/m²
Año 2031: 12.44 litros/m²
Año 2032: 12.87 litros/m²
Año 2033: 11.92 litros/m²
Año 2034: 9.43 litros/m²
Año 2035: 9.62 litros/m²
Año 2036: 11.04 litros/m²
Año 2037: 10.88 litros/m²
Año 2038: 9.83 litros/m²
Año 2039: 13.23 litros/m²
Año 2040: 10.95 litros/m²
Año 2041: 8.32 litros/m²
Año 2042: 10.21 litros/m²
Año 2043: 11.24 litros/m²
Año 2044: 9.60 litros/m²
Año 2045: 9.87 litros/m²
Año 2046: 10.75 litros/m²
Año 2047: 10.69 litros/m²
Año 2048: 10.16 litros/m²
Año 2049: 11.40 litros/m²
Año 2050: 10.34 litros/m²
Año 2051: 9.54 litros/m²
Año 2052: 8.50 litros/m²
Año 2053: 10.55 litros/m²
Año 2054: 12.69 litros/m²
Año 2055: 9.74 litros/m²
Año 2056: 12.85 litros/m²
Año 2057: 11.81 litros/m²
Año 2058: 9.30 litros/m²
Año 2059: 8.22 litros/m²
Año 2060: 8.50 litros/m²
Año 2061: 8.95 litros/m²
Año 2062: 9.29 litros/m²
Año 2063: 10.31 litros/m²
Año 2064: 8.68 litros/m²
Año 2065: 9.53 litros/m²
Año 2066: 10.15 litros/m²
Año 2067: 12.22 litros/m²
Año 2068: 9.47 litros/m²
Año 2069: 8.68 litros/m²
Año 2070: 11.00 litros/m²
Año 2071: 12.41 litros/m²
Año 2072: 8.45 litros/m²
Año 2073: 9.46 litros/m²
Año 2074: 10.10 litros/m²
Año 2075: 9.87 litros/m²
Año 2076: 6.89 litros/m²
Año 2077: 9.59 litros/m²
Año 2078: 11.33 litros/m²
Año 2079: 6.25 litros/m²
Año 2080: 10.36 litros/m²
Año 2081: 13.38 litros/m²
Año 2082: 8.57 litros/m²
Año 2083: 12.73 litros/m²
Año 2084: 8.91 litros/m²
Año 2085: 9.95 litros/m²
Año 2086: 8.02 litros/m²
Año 2087: 7.59 litros/m²
Año 2088: 7.95 litros/m²
Año 2089: 10.57 litros/m²
Año 2090: 10.12 litros/m²
Año 2091: 8.54 litros/m²
Año 2092: 13.29 litros/m²
Año 2093: 8.88 litros/m²
Año 2094: 8.82 litros/m²
Año 2095: 9.35 litros/m²
Año 2096: 6.70 litros/m²
Año 2097: 6.75 litros/m²
Año 2098: 7.83 litros/m²
Año 2099: 10.47 litros/m²
Año 2100: 10.21 litros/m²

Resumen Final:
Total de archivos procesados: 16064
Total de líneas procesadas: 0
Total de valores faltantes (-999): 10682560

