Años pasados más lluviosos (2006-2024):
Año   Total Precipitación (L/m²)    
====================================
2022  85467456                      
2006  81652279                      
2016  74275674                      
2013  70851042                      
2019  70483797                      
2014  68383100                      
2018  68151719                      
2020  67016748                      
2007  62275361                      
2009  62067419                      

Años pasados más secos (2006-2024):
Año   Total Precipitación (L/m²)    
====================================
2023  47636675                      
2010  48571392                      
2024  56242216                      
2011  58461222                      
2012  59158636                      
2021  59468080                      
2017  59762746                      
2015  60727011                      
2008  60853163                      
2009  62067419                      

Años futuros más lluviosos (2025-2100):
Año   Total Precipitación (L/m²)    
====================================
2027  83911396                      
2081  79772225                      
2092  79261202                      
2039  78852722                      
2032  76676334                      
2056  76578594                      
2083  75811480                      
2054  75618909                      
2030  74840744                      
2031  74114683                      

Años futuros más secos (2025-2100):
Año   Total Precipitación (L/m²)    
====================================
2079  36625056                      
2096  39309145                      
2097  39648178                      
2076  40465080                      
2087  44692983                      
2098  46154145                      
2088  46891278                      
2086  47312552                      
2059  48514367                      
2041  49135236                      

===========================================================================================

Promedios de Precipitación:
Promedio años pasados (2006-2024): 64289775.58 L/m²
Promedio años futuros (2025-2100): 59611595.33 L/m²

Mayor Incremento y Decremento de Precipitación:
Mayor incremento: Año 2092 con 28799911 L/m²
Mayor decremento: Año 2023 con -37830781 L/m²

===========================================================================================

Días con más y menos precipitación:
Día más lluvioso en años pasados (2006-2024): Año 2013 - Día 19 con 807.0 L/m²
Día menos lluvioso en años pasados (2006-2024): Año 2006 - Día 1 con 0.0 L/m²
Día más lluvioso en años futuros (2025-2100): Año 2073 - Día 31 con 995.0 L/m²
Día menos lluvioso en años futuros (2025-2100): Año 2025 - Día 1 con 0.0 L/m²

===========================================================================================

